<?xml version="1.0" encoding="UTF-8"?>
<testsuites>
  <testsuite name="" tests="66" assertions="119" errors="0" warnings="0" failures="0" skipped="0" time="1.459998">
    <testsuite name="Unit tests" tests="66" assertions="119" errors="0" warnings="0" failures="0" skipped="0" time="1.459998">
      <testsuite name="Cicnavi\Tests\Oidc\Cache\FileCacheTest" file="/home/mivanci/projects/personal/oidc-client-php/tests/Oidc/Cache/FileCacheTest.php" tests="3" assertions="7" errors="0" warnings="0" failures="0" skipped="0" time="0.007011">
        <testcase name="testConstruct" class="Cicnavi\Tests\Oidc\Cache\FileCacheTest" classname="Cicnavi.Tests.Oidc.Cache.FileCacheTest" file="/home/mivanci/projects/personal/oidc-client-php/tests/Oidc/Cache/FileCacheTest.php" line="39" assertions="2" time="0.003210"/>
        <testcase name="testConstructWithCustomCacheNameAndPath" class="Cicnavi\Tests\Oidc\Cache\FileCacheTest" classname="Cicnavi.Tests.Oidc.Cache.FileCacheTest" file="/home/mivanci/projects/personal/oidc-client-php/tests/Oidc/Cache/FileCacheTest.php" line="46" assertions="2" time="0.000879"/>
        <testcase name="testSetHasGet" class="Cicnavi\Tests\Oidc\Cache\FileCacheTest" classname="Cicnavi.Tests.Oidc.Cache.FileCacheTest" file="/home/mivanci/projects/personal/oidc-client-php/tests/Oidc/Cache/FileCacheTest.php" line="53" assertions="3" time="0.002922"/>
      </testsuite>
      <testsuite name="Cicnavi\Tests\Oidc\ClientTest" file="/home/mivanci/projects/personal/oidc-client-php/tests/Oidc/ClientTest.php" tests="28" assertions="42" errors="0" warnings="0" failures="0" skipped="0" time="1.433212">
        <testcase name="testConstruct" class="Cicnavi\Tests\Oidc\ClientTest" classname="Cicnavi.Tests.Oidc.ClientTest" file="/home/mivanci/projects/personal/oidc-client-php/tests/Oidc/ClientTest.php" line="226" assertions="1" time="0.055265"/>
        <testcase name="testGetMetadata" class="Cicnavi\Tests\Oidc\ClientTest" classname="Cicnavi.Tests.Oidc.ClientTest" file="/home/mivanci/projects/personal/oidc-client-php/tests/Oidc/ClientTest.php" line="253" assertions="1" time="0.033489"/>
        <testcase name="testAuthorize" class="Cicnavi\Tests\Oidc\ClientTest" classname="Cicnavi.Tests.Oidc.ClientTest" file="/home/mivanci/projects/personal/oidc-client-php/tests/Oidc/ClientTest.php" line="284" assertions="9" time="0.045452"/>
        <testcase name="testAuthorizeForPublicClient" class="Cicnavi\Tests\Oidc\ClientTest" classname="Cicnavi.Tests.Oidc.ClientTest" file="/home/mivanci/projects/personal/oidc-client-php/tests/Oidc/ClientTest.php" line="367" assertions="4" time="0.053638"/>
        <testcase name="testAuthenticateMissingCodeThrows" class="Cicnavi\Tests\Oidc\ClientTest" classname="Cicnavi.Tests.Oidc.ClientTest" file="/home/mivanci/projects/personal/oidc-client-php/tests/Oidc/ClientTest.php" line="424" assertions="1" time="0.039487"/>
        <testcase name="testGetUserDataErrorThrows" class="Cicnavi\Tests\Oidc\ClientTest" classname="Cicnavi.Tests.Oidc.ClientTest" file="/home/mivanci/projects/personal/oidc-client-php/tests/Oidc/ClientTest.php" line="456" assertions="1" time="0.040480"/>
        <testcase name="testGetUserDataMissingStateThrows" class="Cicnavi\Tests\Oidc\ClientTest" classname="Cicnavi.Tests.Oidc.ClientTest" file="/home/mivanci/projects/personal/oidc-client-php/tests/Oidc/ClientTest.php" line="488" assertions="1" time="0.032077"/>
        <testcase name="testGetUserData" class="Cicnavi\Tests\Oidc\ClientTest" classname="Cicnavi.Tests.Oidc.ClientTest" file="/home/mivanci/projects/personal/oidc-client-php/tests/Oidc/ClientTest.php" line="520" assertions="2" time="0.053532"/>
        <testcase name="testGetUserDataForPublicClient" class="Cicnavi\Tests\Oidc\ClientTest" classname="Cicnavi.Tests.Oidc.ClientTest" file="/home/mivanci/projects/personal/oidc-client-php/tests/Oidc/ClientTest.php" line="562" assertions="2" time="0.047541"/>
        <testcase name="testValidateTokenDataArrayThrowsIfNoAccessToken" class="Cicnavi\Tests\Oidc\ClientTest" classname="Cicnavi.Tests.Oidc.ClientTest" file="/home/mivanci/projects/personal/oidc-client-php/tests/Oidc/ClientTest.php" line="601" assertions="1" time="0.036531"/>
        <testcase name="testValidateTokenDataArrayThrowsIfNoTokenType" class="Cicnavi\Tests\Oidc\ClientTest" classname="Cicnavi.Tests.Oidc.ClientTest" file="/home/mivanci/projects/personal/oidc-client-php/tests/Oidc/ClientTest.php" line="630" assertions="1" time="0.037663"/>
        <testcase name="testUserDataFetchFromUserinfoEndpointIsNotPerformed" class="Cicnavi\Tests\Oidc\ClientTest" classname="Cicnavi.Tests.Oidc.ClientTest" file="/home/mivanci/projects/personal/oidc-client-php/tests/Oidc/ClientTest.php" line="659" assertions="1" time="0.050106"/>
        <testcase name="testRequestUserDataFromUserInfoEndpointThrowsWhenNotSupported" class="Cicnavi\Tests\Oidc\ClientTest" classname="Cicnavi.Tests.Oidc.ClientTest" file="/home/mivanci/projects/personal/oidc-client-php/tests/Oidc/ClientTest.php" line="693" assertions="1" time="0.033742"/>
        <testcase name="testGetDataFromUserInfoEndpointThrowsForMissingSubClaim" class="Cicnavi\Tests\Oidc\ClientTest" classname="Cicnavi.Tests.Oidc.ClientTest" file="/home/mivanci/projects/personal/oidc-client-php/tests/Oidc/ClientTest.php" line="734" assertions="1" time="0.069275"/>
        <testcase name="testGetClaimsThrowsForInvalidSubClaim" class="Cicnavi\Tests\Oidc\ClientTest" classname="Cicnavi.Tests.Oidc.ClientTest" file="/home/mivanci/projects/personal/oidc-client-php/tests/Oidc/ClientTest.php" line="794" assertions="1" time="0.085786"/>
        <testcase name="testGetDataFromIdTokenThrowsForInvalidIdTokenFormat" class="Cicnavi\Tests\Oidc\ClientTest" classname="Cicnavi.Tests.Oidc.ClientTest" file="/home/mivanci/projects/personal/oidc-client-php/tests/Oidc/ClientTest.php" line="857" assertions="1" time="0.032816"/>
        <testcase name="testGetDataFromIdTokenThrowsForInvalidIdToken" class="Cicnavi\Tests\Oidc\ClientTest" classname="Cicnavi.Tests.Oidc.ClientTest" file="/home/mivanci/projects/personal/oidc-client-php/tests/Oidc/ClientTest.php" line="884" assertions="1" time="0.107719"/>
        <testcase name="testGetDataFromIdTokenThrowsForInvalidJson" class="Cicnavi\Tests\Oidc\ClientTest" classname="Cicnavi.Tests.Oidc.ClientTest" file="/home/mivanci/projects/personal/oidc-client-php/tests/Oidc/ClientTest.php" line="927" assertions="1" time="0.052683"/>
        <testcase name="testGetDataFromIdTokenThrowsForSignatureKeyError" class="Cicnavi\Tests\Oidc\ClientTest" classname="Cicnavi.Tests.Oidc.ClientTest" file="/home/mivanci/projects/personal/oidc-client-php/tests/Oidc/ClientTest.php" line="954" assertions="1" time="0.086510"/>
        <testcase name="testGetDataFromIdTokenThrowsForMissingNonce" class="Cicnavi\Tests\Oidc\ClientTest" classname="Cicnavi.Tests.Oidc.ClientTest" file="/home/mivanci/projects/personal/oidc-client-php/tests/Oidc/ClientTest.php" line="1001" assertions="1" time="0.074554"/>
        <testcase name="testGetDataFromIdTokenThrowsForMissingJweSupport" class="Cicnavi\Tests\Oidc\ClientTest" classname="Cicnavi.Tests.Oidc.ClientTest" file="/home/mivanci/projects/personal/oidc-client-php/tests/Oidc/ClientTest.php" line="1048" assertions="1" time="0.072578"/>
        <testcase name="testValidateJwksUriContentArrayThrowsIfNoKeys" class="Cicnavi\Tests\Oidc\ClientTest" classname="Cicnavi.Tests.Oidc.ClientTest" file="/home/mivanci/projects/personal/oidc-client-php/tests/Oidc/ClientTest.php" line="1095" assertions="1" time="0.034756"/>
        <testcase name="testGetJwksUriContent" class="Cicnavi\Tests\Oidc\ClientTest" classname="Cicnavi.Tests.Oidc.ClientTest" file="/home/mivanci/projects/personal/oidc-client-php/tests/Oidc/ClientTest.php" line="1125" assertions="2" time="0.036049"/>
        <testcase name="testValidateCacheThrows" class="Cicnavi\Tests\Oidc\ClientTest" classname="Cicnavi.Tests.Oidc.ClientTest" file="/home/mivanci/projects/personal/oidc-client-php/tests/Oidc/ClientTest.php" line="1169" assertions="1" time="0.066317"/>
        <testcase name="testRequestTokenDataThrows" class="Cicnavi\Tests\Oidc\ClientTest" classname="Cicnavi.Tests.Oidc.ClientTest" file="/home/mivanci/projects/personal/oidc-client-php/tests/Oidc/ClientTest.php" line="1196" assertions="1" time="0.040486"/>
        <testcase name="testGetJwksUriContentThrowsForCacheError" class="Cicnavi\Tests\Oidc\ClientTest" classname="Cicnavi.Tests.Oidc.ClientTest" file="/home/mivanci/projects/personal/oidc-client-php/tests/Oidc/ClientTest.php" line="1238" assertions="1" time="0.035770"/>
        <testcase name="testGetJwksUriContentThrowsForRequestError" class="Cicnavi\Tests\Oidc\ClientTest" classname="Cicnavi.Tests.Oidc.ClientTest" file="/home/mivanci/projects/personal/oidc-client-php/tests/Oidc/ClientTest.php" line="1291" assertions="1" time="0.040437"/>
        <testcase name="testGetDecodedHttpResponseJsonThrowsForInvalidJson" class="Cicnavi\Tests\Oidc\ClientTest" classname="Cicnavi.Tests.Oidc.ClientTest" file="/home/mivanci/projects/personal/oidc-client-php/tests/Oidc/ClientTest.php" line="1333" assertions="1" time="0.038472"/>
      </testsuite>
      <testsuite name="Cicnavi\Tests\Oidc\DataStore\DataHandlers\PkceTest" file="/home/mivanci/projects/personal/oidc-client-php/tests/Oidc/DataStore/DataHandlers/PkceTest.php" tests="9" assertions="11" errors="0" warnings="0" failures="0" skipped="0" time="0.003465">
        <testcase name="testValidatePkceCodeChallengeMethod" class="Cicnavi\Tests\Oidc\DataStore\DataHandlers\PkceTest" classname="Cicnavi.Tests.Oidc.DataStore.DataHandlers.PkceTest" file="/home/mivanci/projects/personal/oidc-client-php/tests/Oidc/DataStore/DataHandlers/PkceTest.php" line="29" assertions="1" time="0.000285"/>
        <testcase name="testGenerateCodeChallengeFromCodeVerifierValidation" class="Cicnavi\Tests\Oidc\DataStore\DataHandlers\PkceTest" classname="Cicnavi.Tests.Oidc.DataStore.DataHandlers.PkceTest" file="/home/mivanci/projects/personal/oidc-client-php/tests/Oidc/DataStore/DataHandlers/PkceTest.php" line="43" assertions="1" time="0.000283"/>
        <testcase name="testGenerateCodeChallengeFromCodeVerifier" class="Cicnavi\Tests\Oidc\DataStore\DataHandlers\PkceTest" classname="Cicnavi.Tests.Oidc.DataStore.DataHandlers.PkceTest" file="/home/mivanci/projects/personal/oidc-client-php/tests/Oidc/DataStore/DataHandlers/PkceTest.php" line="54" assertions="2" time="0.000086"/>
        <testcase name="testRemoveCodeVerifierParameter" class="Cicnavi\Tests\Oidc\DataStore\DataHandlers\PkceTest" classname="Cicnavi.Tests.Oidc.DataStore.DataHandlers.PkceTest" file="/home/mivanci/projects/personal/oidc-client-php/tests/Oidc/DataStore/DataHandlers/PkceTest.php" line="70" assertions="2" time="0.000626"/>
        <testcase name="testGetExistingCodeVerifier" class="Cicnavi\Tests\Oidc\DataStore\DataHandlers\PkceTest" classname="Cicnavi.Tests.Oidc.DataStore.DataHandlers.PkceTest" file="/home/mivanci/projects/personal/oidc-client-php/tests/Oidc/DataStore/DataHandlers/PkceTest.php" line="83" assertions="1" time="0.001471"/>
        <testcase name="testNewCodeVerifier" class="Cicnavi\Tests\Oidc\DataStore\DataHandlers\PkceTest" classname="Cicnavi.Tests.Oidc.DataStore.DataHandlers.PkceTest" file="/home/mivanci/projects/personal/oidc-client-php/tests/Oidc/DataStore/DataHandlers/PkceTest.php" line="101" assertions="1" time="0.000397"/>
        <testcase name="testConstructWithoutArguments" class="Cicnavi\Tests\Oidc\DataStore\DataHandlers\PkceTest" classname="Cicnavi.Tests.Oidc.DataStore.DataHandlers.PkceTest" file="/home/mivanci/projects/personal/oidc-client-php/tests/Oidc/DataStore/DataHandlers/PkceTest.php" line="119" assertions="1" time="0.000124"/>
        <testcase name="testConstructWithArguments" class="Cicnavi\Tests\Oidc\DataStore\DataHandlers\PkceTest" classname="Cicnavi.Tests.Oidc.DataStore.DataHandlers.PkceTest" file="/home/mivanci/projects/personal/oidc-client-php/tests/Oidc/DataStore/DataHandlers/PkceTest.php" line="128" assertions="1" time="0.000083"/>
        <testcase name="testSetStore" class="Cicnavi\Tests\Oidc\DataStore\DataHandlers\PkceTest" classname="Cicnavi.Tests.Oidc.DataStore.DataHandlers.PkceTest" file="/home/mivanci/projects/personal/oidc-client-php/tests/Oidc/DataStore/DataHandlers/PkceTest.php" line="138" assertions="1" time="0.000110"/>
      </testsuite>
      <testsuite name="Cicnavi\Tests\Oidc\DataStore\DataHandlers\StateNonceTest" file="/home/mivanci/projects/personal/oidc-client-php/tests/Oidc/DataStore/DataHandlers/StateNonceTest.php" tests="7" assertions="7" errors="0" warnings="0" failures="0" skipped="0" time="0.001697">
        <testcase name="testVerifyInvalidKeyThrows" class="Cicnavi\Tests\Oidc\DataStore\DataHandlers\StateNonceTest" classname="Cicnavi.Tests.Oidc.DataStore.DataHandlers.StateNonceTest" file="/home/mivanci/projects/personal/oidc-client-php/tests/Oidc/DataStore/DataHandlers/StateNonceTest.php" line="22" assertions="1" time="0.000286"/>
        <testcase name="testVerifyInvalidValueThrows" class="Cicnavi\Tests\Oidc\DataStore\DataHandlers\StateNonceTest" classname="Cicnavi.Tests.Oidc.DataStore.DataHandlers.StateNonceTest" file="/home/mivanci/projects/personal/oidc-client-php/tests/Oidc/DataStore/DataHandlers/StateNonceTest.php" line="32" assertions="1" time="0.000292"/>
        <testcase name="testVerifyNonExistantKeyThrows" class="Cicnavi\Tests\Oidc\DataStore\DataHandlers\StateNonceTest" classname="Cicnavi.Tests.Oidc.DataStore.DataHandlers.StateNonceTest" file="/home/mivanci/projects/personal/oidc-client-php/tests/Oidc/DataStore/DataHandlers/StateNonceTest.php" line="43" assertions="1" time="0.000272"/>
        <testcase name="testVerify" class="Cicnavi\Tests\Oidc\DataStore\DataHandlers\StateNonceTest" classname="Cicnavi.Tests.Oidc.DataStore.DataHandlers.StateNonceTest" file="/home/mivanci/projects/personal/oidc-client-php/tests/Oidc/DataStore/DataHandlers/StateNonceTest.php" line="54" assertions="1" time="0.000261"/>
        <testcase name="testGetInvalidKeyThrows" class="Cicnavi\Tests\Oidc\DataStore\DataHandlers\StateNonceTest" classname="Cicnavi.Tests.Oidc.DataStore.DataHandlers.StateNonceTest" file="/home/mivanci/projects/personal/oidc-client-php/tests/Oidc/DataStore/DataHandlers/StateNonceTest.php" line="68" assertions="1" time="0.000255"/>
        <testcase name="testGetExistingValue" class="Cicnavi\Tests\Oidc\DataStore\DataHandlers\StateNonceTest" classname="Cicnavi.Tests.Oidc.DataStore.DataHandlers.StateNonceTest" file="/home/mivanci/projects/personal/oidc-client-php/tests/Oidc/DataStore/DataHandlers/StateNonceTest.php" line="75" assertions="1" time="0.000244"/>
        <testcase name="testGetNewValue" class="Cicnavi\Tests\Oidc\DataStore\DataHandlers\StateNonceTest" classname="Cicnavi.Tests.Oidc.DataStore.DataHandlers.StateNonceTest" file="/home/mivanci/projects/personal/oidc-client-php/tests/Oidc/DataStore/DataHandlers/StateNonceTest.php" line="93" assertions="1" time="0.000088"/>
      </testsuite>
      <testsuite name="Cicnavi\Tests\Oidc\DataStore\PhpSessionDataStoreTest" file="/home/mivanci/projects/personal/oidc-client-php/tests/Oidc/DataStore/PhpSessionDataStoreTest.php" tests="5" assertions="12" errors="0" warnings="0" failures="0" skipped="0" time="0.000533">
        <testcase name="testPut" class="Cicnavi\Tests\Oidc\DataStore\PhpSessionDataStoreTest" classname="Cicnavi.Tests.Oidc.DataStore.PhpSessionDataStoreTest" file="/home/mivanci/projects/personal/oidc-client-php/tests/Oidc/DataStore/PhpSessionDataStoreTest.php" line="23" assertions="2" time="0.000281"/>
        <testcase name="testDelete" class="Cicnavi\Tests\Oidc\DataStore\PhpSessionDataStoreTest" classname="Cicnavi.Tests.Oidc.DataStore.PhpSessionDataStoreTest" file="/home/mivanci/projects/personal/oidc-client-php/tests/Oidc/DataStore/PhpSessionDataStoreTest.php" line="32" assertions="3" time="0.000071"/>
        <testcase name="testExists" class="Cicnavi\Tests\Oidc\DataStore\PhpSessionDataStoreTest" classname="Cicnavi.Tests.Oidc.DataStore.PhpSessionDataStoreTest" file="/home/mivanci/projects/personal/oidc-client-php/tests/Oidc/DataStore/PhpSessionDataStoreTest.php" line="45" assertions="2" time="0.000066"/>
        <testcase name="testConstruct" class="Cicnavi\Tests\Oidc\DataStore\PhpSessionDataStoreTest" classname="Cicnavi.Tests.Oidc.DataStore.PhpSessionDataStoreTest" file="/home/mivanci/projects/personal/oidc-client-php/tests/Oidc/DataStore/PhpSessionDataStoreTest.php" line="54" assertions="1" time="0.000059"/>
        <testcase name="testGet" class="Cicnavi\Tests\Oidc\DataStore\PhpSessionDataStoreTest" classname="Cicnavi.Tests.Oidc.DataStore.PhpSessionDataStoreTest" file="/home/mivanci/projects/personal/oidc-client-php/tests/Oidc/DataStore/PhpSessionDataStoreTest.php" line="59" assertions="4" time="0.000055"/>
      </testsuite>
      <testsuite name="Cicnavi\Tests\Oidc\Helpers\HttpHelperTest" file="/home/mivanci/projects/personal/oidc-client-php/tests/Oidc/Helpers/HttpHelperTest.php" tests="2" assertions="18" errors="0" warnings="0" failures="0" skipped="0" time="0.001036">
        <testcase name="testIsRequestHttpSecure" class="Cicnavi\Tests\Oidc\Helpers\HttpHelperTest" classname="Cicnavi.Tests.Oidc.Helpers.HttpHelperTest" file="/home/mivanci/projects/personal/oidc-client-php/tests/Oidc/Helpers/HttpHelperTest.php" line="40" assertions="13" time="0.000548"/>
        <testcase name="testNormalizeSessionCookieParams" class="Cicnavi\Tests\Oidc\Helpers\HttpHelperTest" classname="Cicnavi.Tests.Oidc.Helpers.HttpHelperTest" file="/home/mivanci/projects/personal/oidc-client-php/tests/Oidc/Helpers/HttpHelperTest.php" line="86" assertions="5" time="0.000489"/>
      </testsuite>
      <testsuite name="Cicnavi\Tests\Oidc\Helpers\StringHelperTest" file="/home/mivanci/projects/personal/oidc-client-php/tests/Oidc/Helpers/StringHelperTest.php" tests="3" assertions="4" errors="0" warnings="0" failures="0" skipped="0" time="0.002271">
        <testcase name="testRandom" class="Cicnavi\Tests\Oidc\Helpers\StringHelperTest" classname="Cicnavi.Tests.Oidc.Helpers.StringHelperTest" file="/home/mivanci/projects/personal/oidc-client-php/tests/Oidc/Helpers/StringHelperTest.php" line="13" assertions="2" time="0.000693"/>
        <testcase name="testRandomThrows" class="Cicnavi\Tests\Oidc\Helpers\StringHelperTest" classname="Cicnavi.Tests.Oidc.Helpers.StringHelperTest" file="/home/mivanci/projects/personal/oidc-client-php/tests/Oidc/Helpers/StringHelperTest.php" line="21" assertions="1" time="0.000800"/>
        <testcase name="testRandomThrowsForInvalidCallback" class="Cicnavi\Tests\Oidc\Helpers\StringHelperTest" classname="Cicnavi.Tests.Oidc.Helpers.StringHelperTest" file="/home/mivanci/projects/personal/oidc-client-php/tests/Oidc/Helpers/StringHelperTest.php" line="27" assertions="1" time="0.000778"/>
      </testsuite>
      <testsuite name="Cicnavi\Tests\Oidc\Http\RequestFactoryTest" file="/home/mivanci/projects/personal/oidc-client-php/tests/Oidc/Http/RequestFactoryTest.php" tests="1" assertions="1" errors="0" warnings="0" failures="0" skipped="0" time="0.000276">
        <testcase name="testCreateRequest" class="Cicnavi\Tests\Oidc\Http\RequestFactoryTest" classname="Cicnavi.Tests.Oidc.Http.RequestFactoryTest" file="/home/mivanci/projects/personal/oidc-client-php/tests/Oidc/Http/RequestFactoryTest.php" line="13" assertions="1" time="0.000276"/>
      </testsuite>
      <testsuite name="Cicnavi\Tests\Oidc\MetadataTest" file="/home/mivanci/projects/personal/oidc-client-php/tests/Oidc/MetadataTest.php" tests="8" assertions="17" errors="0" warnings="0" failures="0" skipped="0" time="0.010498">
        <testcase name="testConstruct" class="Cicnavi\Tests\Oidc\MetadataTest" classname="Cicnavi.Tests.Oidc.MetadataTest" file="/home/mivanci/projects/personal/oidc-client-php/tests/Oidc/MetadataTest.php" line="65" assertions="1" time="0.003233"/>
        <testcase name="testConstructThrowsOnRequestException" class="Cicnavi\Tests\Oidc\MetadataTest" classname="Cicnavi.Tests.Oidc.MetadataTest" file="/home/mivanci/projects/personal/oidc-client-php/tests/Oidc/MetadataTest.php" line="93" assertions="1" time="0.001703"/>
        <testcase name="testConstructThrowsOnWrongResposeCode" class="Cicnavi\Tests\Oidc\MetadataTest" classname="Cicnavi.Tests.Oidc.MetadataTest" file="/home/mivanci/projects/personal/oidc-client-php/tests/Oidc/MetadataTest.php" line="125" assertions="1" time="0.000876"/>
        <testcase name="testConstructThrowsOnCacheSetException" class="Cicnavi\Tests\Oidc\MetadataTest" classname="Cicnavi.Tests.Oidc.MetadataTest" file="/home/mivanci/projects/personal/oidc-client-php/tests/Oidc/MetadataTest.php" line="154" assertions="1" time="0.002224"/>
        <testcase name="testMetadataValidationNotArray" class="Cicnavi\Tests\Oidc\MetadataTest" classname="Cicnavi.Tests.Oidc.MetadataTest" file="/home/mivanci/projects/personal/oidc-client-php/tests/Oidc/MetadataTest.php" line="185" assertions="1" time="0.001112"/>
        <testcase name="testMetadataValidationMissingProperties" class="Cicnavi\Tests\Oidc\MetadataTest" classname="Cicnavi.Tests.Oidc.MetadataTest" file="/home/mivanci/projects/personal/oidc-client-php/tests/Oidc/MetadataTest.php" line="216" assertions="1" time="0.000953"/>
        <testcase name="testGetUsingInvalidKeyThrows" class="Cicnavi\Tests\Oidc\MetadataTest" classname="Cicnavi.Tests.Oidc.MetadataTest" file="/home/mivanci/projects/personal/oidc-client-php/tests/Oidc/MetadataTest.php" line="247" assertions="1" time="0.000288"/>
        <testcase name="testAllGetMethods" class="Cicnavi\Tests\Oidc\MetadataTest" classname="Cicnavi.Tests.Oidc.MetadataTest" file="/home/mivanci/projects/personal/oidc-client-php/tests/Oidc/MetadataTest.php" line="259" assertions="10" time="0.000108"/>
      </testsuite>
    </testsuite>
  </testsuite>
</testsuites>
